mode: set
terminal-business/internal/domain/store/catalog.go:38.43,73.2 1 1
terminal-business/internal/domain/store/catalog.go:75.44,77.34 2 1
terminal-business/internal/domain/store/catalog.go:77.34,80.3 2 1
terminal-business/internal/domain/store/catalog.go:81.2,82.24 2 1
terminal-business/internal/domain/store/catalog.go:82.24,84.3 1 1
terminal-business/internal/domain/store/catalog.go:85.2,85.40 1 1
terminal-business/internal/domain/store/catalog.go:85.40,85.70 1 1
terminal-business/internal/domain/store/catalog.go:86.2,86.44 1 1
terminal-business/internal/domain/store/catalog.go:89.31,91.2 1 1
terminal-business/internal/domain/store/catalog.go:93.47,96.2 2 1
terminal-business/internal/domain/store/catalog.go:98.40,100.29 2 1
terminal-business/internal/domain/store/catalog.go:100.29,102.3 1 1
terminal-business/internal/domain/store/catalog.go:103.2,103.14 1 1
terminal-business/internal/domain/store/inventory.go:12.31,14.2 1 1
terminal-business/internal/domain/store/inventory.go:16.66,18.28 2 1
terminal-business/internal/domain/store/inventory.go:18.28,19.21 1 1
terminal-business/internal/domain/store/inventory.go:19.21,21.4 1 1
terminal-business/internal/domain/store/inventory.go:23.2,23.12 1 1
terminal-business/internal/domain/store/inventory.go:26.44,28.2 1 1
terminal-business/internal/domain/store/inventory.go:30.62,33.30 3 1
terminal-business/internal/domain/store/inventory.go:33.30,35.3 1 1
terminal-business/internal/domain/store/inventory.go:36.2,36.13 1 1
terminal-business/internal/domain/store/inventory.go:39.47,41.31 2 1
terminal-business/internal/domain/store/inventory.go:41.31,43.3 1 1
terminal-business/internal/domain/store/inventory.go:44.2,44.34 1 1
terminal-business/internal/domain/store/inventory.go:44.34,45.37 1 1
terminal-business/internal/domain/store/inventory.go:45.37,46.23 1 1
terminal-business/internal/domain/store/inventory.go:46.23,48.5 1 1
terminal-business/internal/domain/store/inventory.go:51.2,52.25 2 1
terminal-business/internal/domain/store/inventory.go:52.25,54.3 1 1
terminal-business/internal/domain/store/inventory.go:55.2,55.16 1 1
terminal-business/internal/domain/store/inventory.go:58.57,60.40 2 1
terminal-business/internal/domain/store/inventory.go:60.40,66.3 5 1
terminal-business/internal/domain/store/inventory.go:67.2,67.14 1 1
terminal-business/internal/domain/store/purchase.go:12.107,14.9 2 1
terminal-business/internal/domain/store/purchase.go:14.9,16.3 1 1
terminal-business/internal/domain/store/purchase.go:17.2,17.20 1 1
terminal-business/internal/domain/store/purchase.go:17.20,19.3 1 1
terminal-business/internal/domain/store/purchase.go:20.2,20.29 1 1
terminal-business/internal/domain/store/purchase.go:20.29,22.3 1 1
terminal-business/internal/domain/store/purchase.go:23.2,23.76 1 1
terminal-business/internal/domain/store/purchase.go:23.76,25.3 1 1
terminal-business/internal/domain/store/purchase.go:27.2,31.18 5 1
terminal-business/internal/domain/store/state.go:32.43,43.2 1 1
terminal-business/internal/domain/store/state.go:45.86,48.2 2 1
terminal-business/internal/domain/store/state.go:50.86,55.24 5 1
terminal-business/internal/domain/store/state.go:55.24,57.3 1 1
terminal-business/internal/domain/store/state.go:58.2,59.18 2 1
terminal-business/internal/domain/store/state.go:59.18,61.3 1 1
terminal-business/internal/domain/store/state.go:62.2,68.20 6 1
terminal-business/internal/domain/store/state.go:68.20,70.3 1 1
terminal-business/internal/domain/store/state.go:70.8,72.3 1 1
terminal-business/internal/domain/store/state.go:73.2,76.14 3 1
terminal-business/internal/app/state_machine.go:38.28,40.2 1 1
terminal-business/internal/app/state_machine.go:42.33,44.2 1 1
terminal-business/internal/app/state_machine.go:46.45,48.9 2 1
terminal-business/internal/app/state_machine.go:48.9,50.3 1 1
terminal-business/internal/app/state_machine.go:51.2,52.12 2 1
terminal-business/internal/app/state_machine.go:55.49,56.11 1 1
terminal-business/internal/app/state_machine.go:57.21,58.12 1 1
terminal-business/internal/app/state_machine.go:59.23,60.33 1 1
terminal-business/internal/app/state_machine.go:61.24,62.34 1 1
terminal-business/internal/app/state_machine.go:63.20,64.26 1 1
terminal-business/internal/app/state_machine.go:65.18,66.30 1 1
terminal-business/internal/app/state_machine.go:67.28,68.32 1 1
terminal-business/internal/app/state_machine.go:70.24,71.12 1 1
terminal-business/internal/app/state_machine.go:72.27,73.33 1 1
terminal-business/internal/app/state_machine.go:74.18,75.30 1 1
terminal-business/internal/app/state_machine.go:76.28,77.32 1 1
terminal-business/internal/app/state_machine.go:79.25,80.12 1 1
terminal-business/internal/app/state_machine.go:81.24,82.33 1 1
terminal-business/internal/app/state_machine.go:83.18,84.30 1 1
terminal-business/internal/app/state_machine.go:85.23,86.33 1 1
terminal-business/internal/app/state_machine.go:87.28,88.32 1 1
terminal-business/internal/app/state_machine.go:90.17,91.12 1 1
terminal-business/internal/app/state_machine.go:92.18,93.30 1 1
terminal-business/internal/app/state_machine.go:94.28,95.32 1 1
terminal-business/internal/app/state_machine.go:97.24,98.12 1 1
terminal-business/internal/app/state_machine.go:99.27,100.31 1 1
terminal-business/internal/app/state_machine.go:101.27,102.30 1 1
terminal-business/internal/app/state_machine.go:103.27,104.34 1 1
terminal-business/internal/app/state_machine.go:105.28,106.32 1 1
terminal-business/internal/app/state_machine.go:108.22,109.12 1 1
terminal-business/internal/app/state_machine.go:110.18,111.30 1 1
terminal-business/internal/app/state_machine.go:112.28,113.32 1 1
terminal-business/internal/app/state_machine.go:115.23,116.12 1 1
terminal-business/internal/app/state_machine.go:117.27,118.30 1 1
terminal-business/internal/app/state_machine.go:119.18,120.32 1 1
terminal-business/internal/app/state_machine.go:123.2,123.18 1 1
terminal-business/internal/ui/panic.go:13.48,15.2 1 1
terminal-business/internal/ui/panic.go:17.37,17.51 1 1
terminal-business/internal/ui/panic.go:19.63,20.29 1 1
terminal-business/internal/ui/panic.go:21.24,22.21 1 1
terminal-business/internal/ui/panic.go:23.24,24.21 1 1
terminal-business/internal/ui/panic.go:25.10,26.16 1 1
terminal-business/internal/ui/panic.go:30.36,30.61 1 1
terminal-business/internal/ui/root.go:66.113,92.2 7 1
terminal-business/internal/ui/root.go:94.32,94.46 1 1
terminal-business/internal/ui/root.go:96.58,97.15 1 1
terminal-business/internal/ui/root.go:97.15,98.31 1 1
terminal-business/internal/ui/root.go:98.31,101.4 2 1
terminal-business/internal/ui/root.go:104.2,104.25 1 1
terminal-business/internal/ui/root.go:104.25,106.3 1 1
terminal-business/internal/ui/root.go:108.2,110.27 2 1
terminal-business/internal/ui/root.go:111.25,112.27 1 1
terminal-business/internal/ui/root.go:113.28,114.30 1 1
terminal-business/internal/ui/root.go:115.29,116.31 1 1
terminal-business/internal/ui/root.go:117.21,118.27 1 1
terminal-business/internal/ui/root.go:119.28,120.30 1 1
terminal-business/internal/ui/root.go:121.26,122.32 1 1
terminal-business/internal/ui/root.go:123.27,124.28 1 1
terminal-business/internal/ui/root.go:125.10,126.16 1 1
terminal-business/internal/ui/root.go:130.62,132.16 2 1
terminal-business/internal/ui/root.go:133.26,134.47 1 1
terminal-business/internal/ui/root.go:135.27,138.17 3 1
terminal-business/internal/ui/root.go:138.17,141.4 2 1
terminal-business/internal/ui/root.go:142.3,142.33 1 1
terminal-business/internal/ui/root.go:143.23,144.44 1 1
terminal-business/internal/ui/root.go:145.23,147.21 2 1
terminal-business/internal/ui/root.go:149.2,149.15 1 1
terminal-business/internal/ui/root.go:152.65,154.16 2 1
terminal-business/internal/ui/root.go:155.28,156.42 1 1
terminal-business/internal/ui/root.go:157.28,160.77 3 1
terminal-business/internal/ui/root.go:162.2,162.15 1 1
terminal-business/internal/ui/root.go:165.66,167.16 2 1
terminal-business/internal/ui/root.go:168.29,169.42 1 1
terminal-business/internal/ui/root.go:170.30,171.47 1 1
terminal-business/internal/ui/root.go:172.29,175.55 3 1
terminal-business/internal/ui/root.go:177.2,177.15 1 1
terminal-business/internal/ui/root.go:180.62,181.43 1 1
terminal-business/internal/ui/root.go:181.43,183.3 1 1
terminal-business/internal/ui/root.go:184.2,184.15 1 1
terminal-business/internal/ui/root.go:187.65,188.27 1 1
terminal-business/internal/ui/root.go:189.23,190.21 1 1
terminal-business/internal/ui/root.go:190.21,193.4 2 1
terminal-business/internal/ui/root.go:194.3,200.16 7 1
terminal-business/internal/ui/root.go:201.21,202.21 1 1
terminal-business/internal/ui/root.go:202.21,204.46 2 1
terminal-business/internal/ui/root.go:204.46,206.5 1 1
terminal-business/internal/ui/root.go:207.4,208.17 2 1
terminal-business/internal/ui/root.go:210.3,216.16 7 1
terminal-business/internal/ui/root.go:217.10,218.29 1 1
terminal-business/internal/ui/root.go:222.67,224.21 2 1
terminal-business/internal/ui/root.go:225.28,226.42 1 1
terminal-business/internal/ui/root.go:227.27,229.17 2 0
terminal-business/internal/ui/root.go:229.17,230.51 1 0
terminal-business/internal/ui/root.go:230.51,234.5 3 0
terminal-business/internal/ui/root.go:235.4,235.42 1 0
terminal-business/internal/ui/root.go:235.42,239.5 3 0
terminal-business/internal/ui/root.go:240.4,242.17 3 0
terminal-business/internal/ui/root.go:244.3,248.48 5 0
terminal-business/internal/ui/root.go:250.2,250.15 1 1
terminal-business/internal/ui/root.go:253.63,254.29 1 1
terminal-business/internal/ui/root.go:255.24,256.51 1 1
terminal-business/internal/ui/root.go:257.24,259.21 2 1
terminal-business/internal/ui/root.go:261.2,261.15 1 1
terminal-business/internal/ui/root.go:264.68,272.2 1 1
terminal-business/internal/ui/root.go:274.50,276.9 2 1
terminal-business/internal/ui/root.go:276.9,278.3 1 1
terminal-business/internal/ui/root.go:279.2,279.20 1 1
terminal-business/internal/ui/root.go:280.19,281.24 1 1
terminal-business/internal/ui/root.go:282.20,283.25 1 1
terminal-business/internal/ui/root.go:284.13,286.45 2 1
terminal-business/internal/ui/root.go:286.45,288.4 1 1
terminal-business/internal/ui/root.go:288.9,290.4 1 1
terminal-business/internal/ui/root.go:291.15,294.33 3 1
terminal-business/internal/ui/root.go:294.33,296.4 1 1
terminal-business/internal/ui/root.go:296.9,298.4 1 1
terminal-business/internal/ui/root.go:300.2,300.12 1 1
terminal-business/internal/ui/root.go:303.65,304.24 1 1
terminal-business/internal/ui/root.go:304.24,321.17 5 1
terminal-business/internal/ui/root.go:321.17,323.4 1 1
terminal-business/internal/ui/root.go:324.3,324.99 1 1
terminal-business/internal/ui/root.go:324.99,326.4 1 1
terminal-business/internal/ui/root.go:327.3,328.17 2 1
terminal-business/internal/ui/root.go:328.17,330.4 1 0
terminal-business/internal/ui/root.go:331.3,332.67 2 1
terminal-business/internal/ui/root.go:336.52,337.24 1 1
terminal-business/internal/ui/root.go:337.24,340.17 3 1
terminal-business/internal/ui/root.go:340.17,342.4 1 1
terminal-business/internal/ui/root.go:343.3,343.78 1 1
terminal-business/internal/ui/root.go:343.78,345.4 1 1
terminal-business/internal/ui/root.go:346.3,348.65 3 1
terminal-business/internal/ui/root.go:352.60,357.2 1 1
terminal-business/internal/ui/root.go:359.126,360.21 1 1
terminal-business/internal/ui/root.go:360.21,362.3 1 1
terminal-business/internal/ui/root.go:363.2,364.16 2 1
terminal-business/internal/ui/root.go:364.16,366.3 1 0
terminal-business/internal/ui/root.go:367.2,368.54 2 1
terminal-business/internal/ui/root.go:368.54,370.3 1 0
terminal-business/internal/ui/root.go:371.2,376.19 3 1
terminal-business/internal/ui/root.go:379.31,381.27 2 1
terminal-business/internal/ui/root.go:382.25,383.23 1 1
terminal-business/internal/ui/root.go:384.28,385.26 1 1
terminal-business/internal/ui/root.go:386.29,387.27 1 1
terminal-business/internal/ui/root.go:388.21,389.23 1 1
terminal-business/internal/ui/root.go:390.28,391.59 1 1
terminal-business/internal/ui/root.go:392.26,393.28 1 1
terminal-business/internal/ui/root.go:394.27,395.24 1 1
terminal-business/internal/ui/root.go:397.2,397.25 1 1
terminal-business/internal/ui/root.go:397.25,399.3 1 1
terminal-business/internal/ui/root.go:400.2,400.21 1 1
terminal-business/internal/ui/root.go:400.21,402.3 1 1
terminal-business/internal/ui/root.go:403.2,403.13 1 1
terminal-business/internal/ui/components/errorscreen.go:5.44,7.2 1 1
terminal-business/internal/ui/components/form.go:5.46,7.19 2 1
terminal-business/internal/ui/components/form.go:7.19,9.3 1 1
terminal-business/internal/ui/components/form.go:10.2,10.59 1 1
terminal-business/internal/ui/components/form.go:10.59,12.3 1 1
terminal-business/internal/ui/components/form.go:13.2,13.28 1 1
terminal-business/internal/ui/components/form.go:13.28,14.130 1 1
terminal-business/internal/ui/components/form.go:14.130,15.12 1 1
terminal-business/internal/ui/components/form.go:17.3,17.63 1 1
terminal-business/internal/ui/components/form.go:19.2,19.11 1 1
terminal-business/internal/ui/components/menulist.go:8.43,10.2 1 1
terminal-business/internal/ui/components/menulist.go:12.29,13.23 1 1
terminal-business/internal/ui/components/menulist.go:13.23,15.3 1 1
terminal-business/internal/ui/components/menulist.go:16.2,17.18 2 1
terminal-business/internal/ui/components/menulist.go:17.18,19.3 1 1
terminal-business/internal/ui/components/menulist.go:22.31,23.23 1 1
terminal-business/internal/ui/components/menulist.go:23.23,25.3 1 1
terminal-business/internal/ui/components/menulist.go:26.2,27.30 2 1
terminal-business/internal/ui/components/menulist.go:27.30,29.3 1 1
terminal-business/internal/ui/components/menulist.go:32.37,33.23 1 1
terminal-business/internal/ui/components/menulist.go:33.23,35.3 1 1
terminal-business/internal/ui/components/menulist.go:36.2,36.46 1 1
terminal-business/internal/ui/components/menulist.go:36.46,38.3 1 1
terminal-business/internal/ui/components/menulist.go:39.2,39.26 1 1
terminal-business/internal/ui/components/modal.go:11.24,12.25 1 1
terminal-business/internal/ui/components/modal.go:12.25,14.3 1 1
terminal-business/internal/ui/components/modal.go:15.2,16.25 2 1
terminal-business/internal/ui/components/modal.go:16.25,18.3 1 1
terminal-business/internal/ui/components/modal.go:21.25,22.25 1 1
terminal-business/internal/ui/components/modal.go:22.25,24.3 1 1
terminal-business/internal/ui/components/modal.go:25.2,26.39 2 1
terminal-business/internal/ui/components/modal.go:26.39,28.3 1 1
terminal-business/internal/ui/components/modal.go:31.34,32.85 1 1
terminal-business/internal/ui/components/modal.go:32.85,34.3 1 1
terminal-business/internal/ui/components/modal.go:35.2,35.35 1 1
terminal-business/internal/ui/components/spinner.go:16.27,18.2 1 1
terminal-business/internal/ui/components/spinner.go:20.34,21.63 1 1
terminal-business/internal/ui/components/spinner.go:21.63,21.90 1 1
terminal-business/internal/ui/components/spinner.go:24.39,25.39 1 1
terminal-business/internal/ui/components/spinner.go:25.39,27.3 1 1
terminal-business/internal/ui/components/spinner.go:30.32,32.2 1 1
terminal-business/internal/ui/components/toast.go:8.34,11.2 2 1
terminal-business/internal/ui/components/toast.go:13.24,15.2 1 1
terminal-business/internal/ui/screens/boot/model.go:29.18,31.2 1 1
terminal-business/internal/ui/screens/boot/model.go:33.44,34.27 1 1
terminal-business/internal/ui/screens/boot/model.go:35.25,36.44 1 1
terminal-business/internal/ui/screens/boot/model.go:37.18,38.23 1 1
terminal-business/internal/ui/screens/boot/model.go:39.18,40.19 1 1
terminal-business/internal/ui/screens/boot/model.go:41.20,42.21 1 1
terminal-business/internal/ui/screens/boot/model.go:43.16,44.29 1 1
terminal-business/internal/ui/screens/boot/model.go:45.20,46.25 1 1
terminal-business/internal/ui/screens/boot/model.go:47.21,48.26 1 1
terminal-business/internal/ui/screens/boot/model.go:49.16,50.22 1 1
terminal-business/internal/ui/screens/boot/model.go:51.16,52.22 1 1
terminal-business/internal/ui/screens/boot/model.go:54.19,55.21 1 1
terminal-business/internal/ui/screens/boot/model.go:58.2,58.19 1 1
terminal-business/internal/ui/screens/boot/model.go:61.30,66.36 4 1
terminal-business/internal/ui/screens/boot/model.go:66.36,67.25 1 1
terminal-business/internal/ui/screens/boot/model.go:67.25,69.4 1 1
terminal-business/internal/ui/screens/boot/model.go:69.9,71.4 1 1
terminal-business/internal/ui/screens/boot/model.go:73.2,77.82 4 1
terminal-business/internal/ui/screens/dashboard/model.go:40.18,46.2 2 1
terminal-business/internal/ui/screens/dashboard/model.go:48.62,50.2 1 1
terminal-business/internal/ui/screens/dashboard/model.go:52.54,54.2 1 1
terminal-business/internal/ui/screens/dashboard/model.go:56.57,58.2 1 1
terminal-business/internal/ui/screens/dashboard/model.go:60.43,62.2 1 1
terminal-business/internal/ui/screens/dashboard/model.go:64.44,65.27 1 1
terminal-business/internal/ui/screens/dashboard/model.go:66.25,67.44 1 1
terminal-business/internal/ui/screens/dashboard/model.go:70.2,70.15 1 1
terminal-business/internal/ui/screens/dashboard/model.go:70.15,72.17 2 1
terminal-business/internal/ui/screens/dashboard/model.go:73.27,75.35 2 1
terminal-business/internal/ui/screens/dashboard/model.go:76.26,77.52 1 1
terminal-business/internal/ui/screens/dashboard/model.go:78.11,79.35 1 1
terminal-business/internal/ui/screens/dashboard/model.go:83.2,83.27 1 1
terminal-business/internal/ui/screens/dashboard/model.go:84.18,85.23 1 1
terminal-business/internal/ui/screens/dashboard/model.go:86.18,88.20 2 1
terminal-business/internal/ui/screens/dashboard/model.go:88.20,90.5 1 1
terminal-business/internal/ui/screens/dashboard/model.go:91.20,92.42 1 1
terminal-business/internal/ui/screens/dashboard/model.go:93.16,94.34 1 1
terminal-business/internal/ui/screens/dashboard/model.go:94.34,96.5 1 1
terminal-business/internal/ui/screens/dashboard/model.go:97.19,98.35 1 1
terminal-business/internal/ui/screens/dashboard/model.go:101.2,101.33 1 1
terminal-business/internal/ui/screens/dashboard/model.go:104.30,106.15 2 1
terminal-business/internal/ui/screens/dashboard/model.go:106.15,112.3 5 1
terminal-business/internal/ui/screens/dashboard/model.go:114.2,115.29 2 1
terminal-business/internal/ui/screens/dashboard/model.go:115.29,116.20 1 1
terminal-business/internal/ui/screens/dashboard/model.go:116.20,118.4 1 1
terminal-business/internal/ui/screens/dashboard/model.go:118.9,120.4 1 1
terminal-business/internal/ui/screens/dashboard/model.go:122.2,129.85 7 1
terminal-business/internal/ui/screens/fatal/model.go:24.32,24.66 1 1
terminal-business/internal/ui/screens/fatal/model.go:26.32,26.46 1 1
terminal-business/internal/ui/screens/fatal/model.go:28.44,29.27 1 1
terminal-business/internal/ui/screens/fatal/model.go:30.25,31.44 1 1
terminal-business/internal/ui/screens/fatal/model.go:32.18,33.23 1 1
terminal-business/internal/ui/screens/fatal/model.go:34.17,35.21 1 1
terminal-business/internal/ui/screens/fatal/model.go:36.29,37.21 1 1
terminal-business/internal/ui/screens/fatal/model.go:40.2,40.19 1 1
terminal-business/internal/ui/screens/fatal/model.go:43.30,46.2 2 1
terminal-business/internal/ui/screens/help/model.go:22.18,22.36 1 1
terminal-business/internal/ui/screens/help/model.go:24.44,25.27 1 1
terminal-business/internal/ui/screens/help/model.go:26.25,27.44 1 1
terminal-business/internal/ui/screens/help/model.go:28.18,29.78 1 1
terminal-business/internal/ui/screens/help/model.go:29.78,31.4 1 1
terminal-business/internal/ui/screens/help/model.go:33.2,33.19 1 1
terminal-business/internal/ui/screens/help/model.go:36.30,50.2 3 1
terminal-business/internal/ui/screens/loadgame/model.go:31.54,35.2 3 1
terminal-business/internal/ui/screens/loadgame/model.go:37.66,40.28 3 1
terminal-business/internal/ui/screens/loadgame/model.go:40.28,42.3 1 1
terminal-business/internal/ui/screens/loadgame/model.go:43.2,43.40 1 1
terminal-business/internal/ui/screens/loadgame/model.go:46.29,46.59 1 1
terminal-business/internal/ui/screens/loadgame/model.go:48.40,49.81 1 1
terminal-business/internal/ui/screens/loadgame/model.go:49.81,51.3 1 1
terminal-business/internal/ui/screens/loadgame/model.go:52.2,52.40 1 1
terminal-business/internal/ui/screens/loadgame/model.go:55.44,56.27 1 1
terminal-business/internal/ui/screens/loadgame/model.go:57.25,58.44 1 1
terminal-business/internal/ui/screens/loadgame/model.go:59.18,60.23 1 1
terminal-business/internal/ui/screens/loadgame/model.go:61.19,62.23 1 1
terminal-business/internal/ui/screens/loadgame/model.go:63.17,64.17 1 1
terminal-business/internal/ui/screens/loadgame/model.go:64.17,66.5 1 1
terminal-business/internal/ui/screens/loadgame/model.go:67.18,68.19 1 1
terminal-business/internal/ui/screens/loadgame/model.go:69.20,70.21 1 1
terminal-business/internal/ui/screens/loadgame/model.go:71.16,72.18 1 1
terminal-business/internal/ui/screens/loadgame/model.go:72.18,74.5 1 1
terminal-business/internal/ui/screens/loadgame/model.go:77.2,77.19 1 1
terminal-business/internal/ui/screens/loadgame/model.go:80.30,82.15 2 1
terminal-business/internal/ui/screens/loadgame/model.go:82.15,85.3 2 1
terminal-business/internal/ui/screens/loadgame/model.go:86.2,87.36 2 1
terminal-business/internal/ui/screens/loadgame/model.go:87.36,90.25 3 1
terminal-business/internal/ui/screens/loadgame/model.go:90.25,92.4 1 1
terminal-business/internal/ui/screens/loadgame/model.go:92.9,94.4 1 1
terminal-business/internal/ui/screens/loadgame/model.go:96.2,99.82 4 1
terminal-business/internal/platform/random/random.go:12.20,14.2 1 0
terminal-business/internal/platform/random/random.go:16.32,18.2 1 0
terminal-business/cmd/tbiz/main.go:16.13,17.23 1 0
terminal-business/cmd/tbiz/main.go:17.23,20.3 2 0
terminal-business/cmd/tbiz/main.go:21.2,21.30 1 0
terminal-business/cmd/tbiz/main.go:21.30,24.3 2 0
terminal-business/cmd/tbiz/main.go:27.24,28.15 1 0
terminal-business/cmd/tbiz/main.go:28.15,29.31 1 0
terminal-business/cmd/tbiz/main.go:29.31,33.4 3 0
terminal-business/cmd/tbiz/main.go:36.2,37.16 2 0
terminal-business/cmd/tbiz/main.go:37.16,39.3 1 0
terminal-business/cmd/tbiz/main.go:40.2,42.16 3 0
terminal-business/cmd/tbiz/main.go:42.16,44.3 1 0
terminal-business/cmd/tbiz/main.go:46.2,49.12 4 0
terminal-business/internal/platform/clock/clock.go:7.31,9.2 1 0
terminal-business/internal/persistence/store.go:31.48,33.2 1 0
terminal-business/internal/persistence/store.go:35.39,37.16 2 0
terminal-business/internal/persistence/store.go:37.16,39.3 1 0
terminal-business/internal/persistence/store.go:40.2,40.22 1 0
terminal-business/internal/persistence/store.go:41.16,42.89 1 0
terminal-business/internal/persistence/store.go:43.17,45.20 2 0
terminal-business/internal/persistence/store.go:45.20,47.4 1 0
terminal-business/internal/persistence/store.go:48.3,48.58 1 0
terminal-business/internal/persistence/store.go:49.10,51.16 2 0
terminal-business/internal/persistence/store.go:51.16,53.4 1 0
terminal-business/internal/persistence/store.go:54.3,54.54 1 0
terminal-business/internal/persistence/store.go:58.77,59.39 1 0
terminal-business/internal/persistence/store.go:59.39,61.3 1 0
terminal-business/internal/persistence/store.go:62.2,63.16 2 0
terminal-business/internal/persistence/store.go:63.16,64.37 1 0
terminal-business/internal/persistence/store.go:64.37,66.4 1 0
terminal-business/internal/persistence/store.go:67.3,68.24 2 0
terminal-business/internal/persistence/store.go:68.24,70.4 1 0
terminal-business/internal/persistence/store.go:71.3,71.30 1 0
terminal-business/internal/persistence/store.go:73.2,74.25 2 0
terminal-business/internal/persistence/store.go:77.85,78.39 1 0
terminal-business/internal/persistence/store.go:78.39,80.3 1 0
terminal-business/internal/persistence/store.go:81.2,81.36 1 0
terminal-business/internal/persistence/store.go:81.36,83.3 1 0
terminal-business/internal/persistence/store.go:84.2,84.39 1 0
terminal-business/internal/persistence/store.go:84.39,86.3 1 0
terminal-business/internal/persistence/store.go:87.2,87.23 1 0
terminal-business/internal/persistence/store.go:87.23,89.3 1 0
terminal-business/internal/persistence/store.go:90.2,90.36 1 0
terminal-business/internal/persistence/store.go:90.36,92.3 1 0
terminal-business/internal/persistence/store.go:93.2,93.42 1 0
terminal-business/internal/persistence/store.go:93.42,95.3 1 0
terminal-business/internal/persistence/store.go:96.2,96.45 1 0
terminal-business/internal/persistence/store.go:96.45,98.3 1 0
terminal-business/internal/persistence/store.go:99.2,100.52 2 0
terminal-business/internal/persistence/store.go:100.52,102.3 1 0
terminal-business/internal/persistence/store.go:103.2,103.50 1 0
terminal-business/internal/persistence/store.go:103.50,105.3 1 0
terminal-business/internal/persistence/store.go:106.2,106.18 1 0
terminal-business/internal/persistence/store.go:109.83,113.16 4 0
terminal-business/internal/persistence/store.go:113.16,115.3 1 0
terminal-business/internal/persistence/store.go:116.2,116.52 1 0
terminal-business/internal/persistence/store.go:116.52,118.3 1 0
terminal-business/internal/persistence/store.go:119.2,119.18 1 0
terminal-business/internal/persistence/store.go:122.87,124.16 2 0
terminal-business/internal/persistence/store.go:124.16,126.3 1 0
terminal-business/internal/persistence/store.go:127.2,129.52 3 0
terminal-business/internal/persistence/store.go:129.52,131.3 1 0
terminal-business/internal/persistence/store.go:132.2,132.34 1 0
terminal-business/internal/persistence/store.go:135.68,137.51 2 0
terminal-business/internal/persistence/store.go:137.51,139.3 1 0
terminal-business/internal/persistence/store.go:140.2,140.22 1 0
terminal-business/internal/persistence/store.go:140.22,142.3 1 0
terminal-business/internal/persistence/store.go:143.2,152.29 3 0
terminal-business/internal/persistence/store.go:152.29,153.44 1 0
terminal-business/internal/persistence/store.go:153.44,156.9 3 0
terminal-business/internal/persistence/store.go:159.2,159.12 1 0
terminal-business/internal/persistence/store.go:159.12,161.3 1 0
terminal-business/internal/persistence/store.go:162.2,163.44 2 0
terminal-business/internal/persistence/store.go:166.53,168.16 2 0
terminal-business/internal/persistence/store.go:168.16,170.3 1 0
terminal-business/internal/persistence/store.go:171.2,172.51 2 0
terminal-business/internal/persistence/store.go:172.51,174.3 1 0
terminal-business/internal/persistence/store.go:175.2,175.24 1 0
terminal-business/internal/persistence/store.go:175.24,177.3 1 0
terminal-business/internal/persistence/store.go:178.2,178.17 1 0
terminal-business/internal/persistence/store.go:181.56,184.16 3 0
terminal-business/internal/persistence/store.go:184.16,185.37 1 0
terminal-business/internal/persistence/store.go:185.37,189.4 3 0
terminal-business/internal/persistence/store.go:190.3,190.26 1 0
terminal-business/internal/persistence/store.go:192.2,193.28 2 0
terminal-business/internal/persistence/store.go:193.28,194.57 1 0
terminal-business/internal/persistence/store.go:194.57,195.12 1 0
terminal-business/internal/persistence/store.go:197.3,199.17 3 0
terminal-business/internal/persistence/store.go:199.17,200.12 1 0
terminal-business/internal/persistence/store.go:202.3,203.53 2 0
terminal-business/internal/persistence/store.go:203.53,204.12 1 0
terminal-business/internal/persistence/store.go:206.3,213.5 1 0
terminal-business/internal/persistence/store.go:215.2,216.60 2 0
terminal-business/internal/persistence/store.go:216.60,218.3 1 0
terminal-business/internal/persistence/store.go:219.2,219.17 1 0
terminal-business/internal/persistence/store.go:222.44,223.42 1 0
terminal-business/internal/persistence/store.go:223.42,224.61 1 0
terminal-business/internal/persistence/store.go:224.61,226.4 1 0
terminal-business/internal/persistence/store.go:227.3,227.64 1 0
terminal-business/internal/persistence/store.go:231.41,232.70 1 0
terminal-business/internal/persistence/store.go:232.70,233.47 1 0
terminal-business/internal/persistence/store.go:233.47,235.4 1 0
terminal-business/internal/persistence/store.go:237.2,237.12 1 0
terminal-business/internal/persistence/store.go:240.53,242.2 1 0
terminal-business/internal/persistence/store.go:243.41,243.85 1 0
terminal-business/internal/persistence/store.go:244.41,244.85 1 0
terminal-business/internal/persistence/store.go:245.41,245.84 1 0
terminal-business/internal/persistence/store.go:246.41,246.99 1 0
terminal-business/internal/persistence/store.go:248.52,250.16 2 0
terminal-business/internal/persistence/store.go:250.16,252.3 1 0
terminal-business/internal/persistence/store.go:253.2,255.16 3 0
terminal-business/internal/persistence/store.go:255.16,257.3 1 0
terminal-business/internal/persistence/store.go:258.2,258.41 1 0
terminal-business/internal/persistence/store.go:258.41,261.3 2 0
terminal-business/internal/persistence/store.go:262.2,262.33 1 0
terminal-business/internal/persistence/store.go:262.33,265.3 2 0
terminal-business/internal/persistence/store.go:266.2,266.34 1 0
terminal-business/internal/persistence/store.go:266.34,268.3 1 0
terminal-business/internal/persistence/store.go:269.2,269.45 1 0
terminal-business/internal/persistence/store.go:269.45,271.3 1 0
terminal-business/internal/persistence/store.go:272.2,273.16 2 0
terminal-business/internal/persistence/store.go:273.16,276.3 2 0
terminal-business/internal/persistence/store.go:277.2,277.12 1 0
terminal-business/internal/persistence/store.go:280.21,282.42 2 0
terminal-business/internal/persistence/store.go:282.42,284.3 1 0
terminal-business/internal/persistence/store.go:285.2,285.32 1 0
terminal-business/internal/ui/screens/newgame/model.go:31.18,36.2 1 1
terminal-business/internal/ui/screens/newgame/model.go:38.44,39.27 1 1
terminal-business/internal/ui/screens/newgame/model.go:40.25,41.44 1 1
terminal-business/internal/ui/screens/newgame/model.go:42.18,43.23 1 1
terminal-business/internal/ui/screens/newgame/model.go:44.19,45.23 1 1
terminal-business/internal/ui/screens/newgame/model.go:46.27,47.41 1 1
terminal-business/internal/ui/screens/newgame/model.go:48.31,50.24 2 1
terminal-business/internal/ui/screens/newgame/model.go:50.24,52.5 1 1
terminal-business/internal/ui/screens/newgame/model.go:53.20,54.25 1 1
terminal-business/internal/ui/screens/newgame/model.go:54.25,56.24 2 1
terminal-business/internal/ui/screens/newgame/model.go:56.24,58.6 1 1
terminal-business/internal/ui/screens/newgame/model.go:60.21,61.25 1 1
terminal-business/internal/ui/screens/newgame/model.go:61.25,63.5 1 1
terminal-business/internal/ui/screens/newgame/model.go:64.16,65.25 1 1
terminal-business/internal/ui/screens/newgame/model.go:65.25,67.22 2 1
terminal-business/internal/ui/screens/newgame/model.go:67.22,69.6 1 1
terminal-business/internal/ui/screens/newgame/model.go:70.5,70.24 1 1
terminal-business/internal/ui/screens/newgame/model.go:72.4,72.41 1 1
terminal-business/internal/ui/screens/newgame/model.go:73.20,74.51 1 1
terminal-business/internal/ui/screens/newgame/model.go:74.51,77.5 2 1
terminal-business/internal/ui/screens/newgame/model.go:78.11,79.48 1 1
terminal-business/internal/ui/screens/newgame/model.go:79.48,81.5 1 1
terminal-business/internal/ui/screens/newgame/model.go:84.2,84.19 1 1
terminal-business/internal/ui/screens/newgame/model.go:87.38,88.59 1 1
terminal-business/internal/ui/screens/newgame/model.go:88.59,90.3 1 1
terminal-business/internal/ui/screens/newgame/model.go:91.2,91.36 1 1
terminal-business/internal/ui/screens/newgame/model.go:94.30,98.23 3 1
terminal-business/internal/ui/screens/newgame/model.go:98.23,100.3 1 1
terminal-business/internal/ui/screens/newgame/model.go:101.2,102.23 2 1
terminal-business/internal/ui/screens/newgame/model.go:102.23,104.3 1 1
terminal-business/internal/ui/screens/newgame/model.go:105.2,106.23 2 1
terminal-business/internal/ui/screens/newgame/model.go:106.23,108.3 1 1
terminal-business/internal/ui/screens/newgame/model.go:109.2,110.19 2 1
terminal-business/internal/ui/screens/newgame/model.go:110.19,112.3 1 1
terminal-business/internal/ui/screens/newgame/model.go:113.2,115.82 3 1
terminal-business/internal/ui/screens/newgame/model.go:118.37,120.35 2 1
terminal-business/internal/ui/screens/newgame/model.go:120.35,122.23 2 1
terminal-business/internal/ui/screens/newgame/model.go:122.23,124.4 1 1
terminal-business/internal/ui/screens/newgame/model.go:125.3,125.45 1 1
terminal-business/internal/ui/screens/newgame/model.go:127.2,127.35 1 1
terminal-business/internal/ui/screens/store/model.go:35.40,37.2 1 1
terminal-business/internal/ui/screens/store/model.go:39.52,41.23 2 1
terminal-business/internal/ui/screens/store/model.go:41.23,44.3 2 1
terminal-business/internal/ui/screens/store/model.go:45.2,45.30 1 1
terminal-business/internal/ui/screens/store/model.go:45.30,47.3 1 1
terminal-business/internal/ui/screens/store/model.go:50.39,52.2 1 1
terminal-business/internal/ui/screens/store/model.go:54.44,55.27 1 1
terminal-business/internal/ui/screens/store/model.go:56.25,58.34 2 1
terminal-business/internal/ui/screens/store/model.go:59.18,60.20 1 1
terminal-business/internal/ui/screens/store/model.go:60.20,61.24 1 1
terminal-business/internal/ui/screens/store/model.go:62.20,64.36 2 1
terminal-business/internal/ui/screens/store/model.go:65.17,67.68 2 1
terminal-business/internal/ui/screens/store/model.go:69.4,69.35 1 1
terminal-business/internal/ui/screens/store/model.go:71.3,71.23 1 1
terminal-business/internal/ui/screens/store/model.go:72.18,73.24 1 1
terminal-business/internal/ui/screens/store/model.go:73.24,75.21 2 1
terminal-business/internal/ui/screens/store/model.go:75.21,77.6 1 1
terminal-business/internal/ui/screens/store/model.go:79.20,80.24 1 1
terminal-business/internal/ui/screens/store/model.go:80.24,82.5 1 1
terminal-business/internal/ui/screens/store/model.go:83.16,84.24 1 1
terminal-business/internal/ui/screens/store/model.go:84.24,86.5 1 1
terminal-business/internal/ui/screens/store/model.go:87.19,88.35 1 1
terminal-business/internal/ui/screens/store/model.go:91.2,91.33 1 1
terminal-business/internal/ui/screens/store/model.go:94.43,95.23 1 1
terminal-business/internal/ui/screens/store/model.go:95.23,97.3 1 1
terminal-business/internal/ui/screens/store/model.go:98.2,98.46 1 1
terminal-business/internal/ui/screens/store/model.go:98.46,100.3 1 1
terminal-business/internal/ui/screens/store/model.go:101.2,101.26 1 1
terminal-business/internal/ui/screens/store/model.go:104.30,105.23 1 1
terminal-business/internal/ui/screens/store/model.go:105.23,107.3 1 1
terminal-business/internal/ui/screens/store/model.go:109.2,110.29 2 1
terminal-business/internal/ui/screens/store/model.go:110.29,112.20 2 1
terminal-business/internal/ui/screens/store/model.go:112.20,114.4 1 1
terminal-business/internal/ui/screens/store/model.go:114.9,116.4 1 1
terminal-business/internal/ui/screens/store/model.go:118.2,136.23 7 1
terminal-business/internal/ui/screens/store/model.go:136.23,138.3 1 1
terminal-business/internal/ui/screens/store/model.go:139.2,139.19 1 1
terminal-business/internal/ui/screens/store/model.go:139.19,141.3 1 1
terminal-business/internal/ui/screens/store/model.go:142.2,142.13 1 1
